2024-05-06 16:32:44,571 - INFO - скрипт закончил работу
2024-05-06 16:32:44,583 - INFO - Connecting to 149.154.167.51:443/TcpFull...
2024-05-06 16:32:44,628 - INFO - Connection to 149.154.167.51:443/TcpFull complete!
2024-05-06 16:32:45,914 - INFO - Фото с ID 5 успешно отправлено в Біржа Telegram UA.
2024-05-06 16:32:50,849 - INFO - Необходимо подождать 2322 секунд прежде чем отправить следующее сообщение в TG.UA official БІРЖА.
2024-05-06 16:32:51,051 - INFO - Фото с ID 5 успешно отправлено в Безкоштовні оголошення Україна.
2024-05-06 16:32:52,160 - INFO - Необходимо подождать 2322 секунд прежде чем отправить следующее сообщение в БІРЖА КАНАЛІВ_UA.
2024-05-06 16:32:52,527 - INFO - Фото с ID 5 успешно отправлено в Біржа Реклами | Продам | Куплю | Адміни | 2 Біржа реклама.
2024-05-06 16:32:53,666 - INFO - Необходимо подождать 2324 секунд прежде чем отправить следующее сообщение в • БІРЖА • INFOBITME > РЕКЛАМА > ПОСЛУГИ.
2024-05-06 16:32:53,845 - INFO - Sleeping for 60s (0:01:00) on ForwardMessagesRequest flood wait
2024-05-06 16:33:31,188 - INFO - Got difference for channel 1828304409 updates
2024-05-06 16:33:59,759 - INFO - Необходимо подождать 2325 секунд прежде чем отправить следующее сообщение в БІРЖА ТГ (UA).
2024-05-06 16:34:00,402 - INFO - Фото с ID 5 успешно отправлено в BIRZHa | UA Chat.
2024-05-06 16:34:01,718 - INFO - Необходимо подождать 2329 секунд прежде чем отправить следующее сообщение в БІРЖА РЕКЛАМИ | TOR.
2024-05-06 16:34:02,041 - INFO - Необходимо подождать 2329 секунд прежде чем отправить следующее сообщение в Биржа рекламы Украина+.
2024-05-06 16:34:02,368 - INFO - Фото с ID 5 успешно отправлено в БІРЖА ТГ (UA).
2024-05-06 16:34:04,964 - INFO - Фото с ID 5 успешно отправлено в БУК — биржа украинских каналов.
2024-05-06 16:34:06,157 - INFO - Необходимо подождать 2330 секунд прежде чем отправить следующее сообщение в Біржа реклами UA+.
2024-05-06 16:34:06,378 - INFO - Фото с ID 5 успешно отправлено в Реклама України | Адміністратори.
2024-05-06 16:34:08,896 - INFO - Фото с ID 5 успешно отправлено в ADVERIUM БІРЖА ТГ - (UA).
2024-05-06 16:34:12,593 - INFO - Необходимо подождать 2332 секунд прежде чем отправить следующее сообщение в Біржа реклами | Україна.
2024-05-06 16:34:15,428 - INFO - Фото с ID 5 успешно отправлено в Біржа Телеграм Реклами.
2024-05-06 16:34:18,136 - INFO - Фото с ID 5 успешно отправлено в Біржа без обмежень — TeLeAds.
2024-05-06 16:34:19,263 - INFO - Необходимо подождать 2332 секунд прежде чем отправить следующее сообщение в MADBID - БІРЖА ТГ (UA).
2024-05-06 16:34:19,620 - INFO - Фото с ID 5 успешно отправлено в Біржа України.
2024-05-06 16:34:20,632 - INFO - Ошибка при доступе к каналу или чату https://t.me/reklama_ResourceNET/84969: Cannot find any entity corresponding to "https://t.me/reklama_ResourceNET/84969"
2024-05-06 16:34:21,636 - INFO - Ошибка при доступе к каналу или чату https://t.me/reklama_ResourceNET/84969: Cannot find any entity corresponding to "https://t.me/reklama_ResourceNET/84969"
2024-05-06 16:34:22,695 - INFO - Ошибка при доступе к каналу или чату http://t.me/+T5ndJQaRPORmNzYy: The chat the user tried to join has expired and is not valid anymore (caused by CheckChatInviteRequest)
2024-05-06 16:34:23,706 - INFO - Ошибка при доступе к каналу или чату https://t.me/reklama_ResourceNET/84968: Cannot find any entity corresponding to "https://t.me/reklama_ResourceNET/84968"
2024-05-06 16:34:30,213 - INFO - Необходимо подождать 2334 секунд прежде чем отправить следующее сообщение в Біржа без маргіналів.
2024-05-06 16:34:30,496 - INFO - Фото с ID 5 успешно отправлено в БІРЖА ТГ (UA).
2024-05-06 16:34:31,507 - INFO - Ошибка при доступе к каналу или чату https://t.me/ukrbazaa/93369: Cannot find any entity corresponding to "https://t.me/ukrbazaa/93369"
2024-05-06 16:34:32,524 - INFO - Ошибка при доступе к каналу или чату https://t.me/ukrbazaa/1: Cannot find any entity corresponding to "https://t.me/ukrbazaa/1"
2024-05-06 16:34:33,532 - INFO - Ошибка при доступе к каналу или чату https://t.me/ukrbazaa/58451: Cannot find any entity corresponding to "https://t.me/ukrbazaa/58451"
2024-05-06 16:34:34,542 - INFO - Ошибка при доступе к каналу или чату https://t.me/ukrbazaa/145228: Cannot find any entity corresponding to "https://t.me/ukrbazaa/145228"
2024-05-06 16:34:35,550 - INFO - Ошибка при доступе к каналу или чату https://t.me/ukrbazaa/136303: Cannot find any entity corresponding to "https://t.me/ukrbazaa/136303"
2024-05-06 16:34:36,559 - INFO - Ошибка при доступе к каналу или чату https://t.me/ukrbazaa/59680: Cannot find any entity corresponding to "https://t.me/ukrbazaa/59680"
2024-05-06 16:34:37,560 - INFO - Ошибка при доступе к каналу или чату https://t.me/ukrbazaa/90820: Cannot find any entity corresponding to "https://t.me/ukrbazaa/90820"
2024-05-06 16:34:38,561 - INFO - Ошибка при доступе к каналу или чату https://t.me/ukrbazaa/58456: Cannot find any entity corresponding to "https://t.me/ukrbazaa/58456"
2024-05-06 16:34:39,562 - INFO - Ошибка при доступе к каналу или чату https://t.me/ukrbazaa/67345: Cannot find any entity corresponding to "https://t.me/ukrbazaa/67345"
2024-05-06 16:34:40,571 - INFO - Ошибка при доступе к каналу или чату https://t.me/ukrbazaa/58455: Cannot find any entity corresponding to "https://t.me/ukrbazaa/58455"
2024-05-06 16:34:41,582 - INFO - Ошибка при доступе к каналу или чату https://t.me/ukrbazaa/58457: Cannot find any entity corresponding to "https://t.me/ukrbazaa/58457"
2024-05-06 16:34:42,860 - INFO - Фото с ID 5 успешно отправлено в AdsHub для Всіх.
2024-05-06 16:34:44,101 - INFO - Ошибка при отправке альтернативного сообщения в Служба адмінів України: A wait of 300 seconds is required before sending another message in this chat (caused by ForwardMessagesRequest)
2024-05-06 16:34:47,436 - INFO - Got difference for channel 2060520135 updates
2024-05-06 16:34:49,629 - INFO - Фото с ID 5 успешно отправлено в Продаж Реклами | Біржа UA.
2024-05-06 16:34:54,940 - INFO - Фото с ID 5 успешно отправлено в Продавайко.
2024-05-06 16:34:56,084 - INFO - Необходимо подождать 2334 секунд прежде чем отправить следующее сообщение в Чиста біржа.
2024-05-06 16:34:56,085 - INFO - Ошибка при доступе к каналу или чату https://t.me/UkrTG_ads/49787: Cannot find any entity corresponding to "https://t.me/UkrTG_ads/49787"
2024-05-06 16:34:57,088 - INFO - Ошибка при доступе к каналу или чату https://t.me/UkrTG_ads/45185: Cannot find any entity corresponding to "https://t.me/UkrTG_ads/45185"
2024-05-06 16:34:58,104 - INFO - Ошибка при доступе к каналу или чату https://t.me/UkrTG_ads/45199: Cannot find any entity corresponding to "https://t.me/UkrTG_ads/45199"
2024-05-06 16:34:59,120 - INFO - Ошибка при доступе к каналу или чату https://t.me/UkrTG_ads/60595: Cannot find any entity corresponding to "https://t.me/UkrTG_ads/60595"
2024-05-06 16:35:00,479 - INFO - Фото с ID 5 успешно отправлено в Українська біржа реклами.
2024-05-06 16:35:01,745 - INFO - Фото с ID 5 успешно отправлено в ЛУК — Лучшие украинские каналы.
2024-05-06 16:35:03,170 - INFO - Фото с ID 5 успешно отправлено в Українська Біржа | Продаж Реклами UA.
2024-05-06 16:35:04,284 - INFO - Ошибка при доступе к каналу или чату https://t.me/UkrTG_ads: RPCError 400: TOPIC_CLOSED (caused by ForwardMessagesRequest)
2024-05-06 16:35:16,475 - INFO - Disconnecting from 149.154.167.51:443/TcpFull...
2024-05-06 16:35:16,476 - INFO - Disconnection from 149.154.167.51:443/TcpFull complete!
2024-05-09 11:45:21,749 - INFO - скрипт закончил работу
2024-05-09 11:45:21,757 - INFO - Connecting to 149.154.167.51:443/TcpFull...
2024-05-09 11:45:21,807 - INFO - Connection to 149.154.167.51:443/TcpFull complete!
2024-05-09 11:45:22,335 - INFO - Необходимо подождать 98 секунд прежде чем отправить следующее сообщение в Біржа Telegram UA.
2024-05-09 11:45:26,330 - INFO - Необходимо подождать 2799 секунд прежде чем отправить следующее сообщение в TG.UA official БІРЖА.
2024-05-09 11:45:26,705 - INFO - Фото с ID 5 успешно отправлено в Безкоштовні оголошення Україна.
2024-05-09 11:45:27,842 - INFO - Необходимо подождать 2800 секунд прежде чем отправить следующее сообщение в БІРЖА КАНАЛІВ_UA.
2024-05-09 11:45:27,960 - INFO - Необходимо подождать 102 секунд прежде чем отправить следующее сообщение в Біржа Реклами | Продам | Куплю | Адміни | 2 Біржа реклама.
2024-05-09 11:45:28,073 - INFO - Необходимо подождать 2803 секунд прежде чем отправить следующее сообщение в • БІРЖА • INFOBITME > РЕКЛАМА > ПОСЛУГИ.
2024-05-09 11:45:28,256 - INFO - Sleeping for 60s (0:01:00) on ForwardMessagesRequest flood wait
2024-05-09 11:46:34,116 - INFO - Необходимо подождать 2804 секунд прежде чем отправить следующее сообщение в БІРЖА ТГ (UA).
2024-05-09 11:46:34,919 - INFO - Фото с ID 5 успешно отправлено в BIRZHa | UA Chat.
2024-05-09 11:46:36,373 - INFO - Необходимо подождать 2807 секунд прежде чем отправить следующее сообщение в БІРЖА РЕКЛАМИ | TOR.
2024-05-09 11:46:36,556 - INFO - Необходимо подождать 2809 секунд прежде чем отправить следующее сообщение в Биржа рекламы Украина+.
2024-05-09 11:46:36,688 - INFO - Необходимо подождать 110 секунд прежде чем отправить следующее сообщение в БІРЖА ТГ (UA).
2024-05-09 11:46:38,101 - INFO - Фото с ID 5 успешно отправлено в БУК — биржа украинских каналов.
2024-05-09 11:46:39,230 - INFO - Необходимо подождать 2811 секунд прежде чем отправить следующее сообщение в Біржа реклами UA+.
2024-05-09 11:46:39,441 - INFO - Фото с ID 5 успешно отправлено в Реклама України | Адміністратори.
2024-05-09 11:46:41,884 - INFO - Необходимо подождать 113 секунд прежде чем отправить следующее сообщение в ADVERIUM БІРЖА ТГ - (UA).
2024-05-09 11:46:44,482 - INFO - Необходимо подождать 2813 секунд прежде чем отправить следующее сообщение в Біржа реклами | Україна.
2024-05-09 11:46:46,036 - INFO - Фото с ID 5 успешно отправлено в Біржа Телеграм Реклами.
2024-05-09 11:46:47,390 - INFO - Фото с ID 5 успешно отправлено в Біржа без обмежень — TeLeAds.
2024-05-09 11:46:48,504 - INFO - Необходимо подождать 2817 секунд прежде чем отправить следующее сообщение в MADBID - БІРЖА ТГ (UA).
2024-05-09 11:46:48,743 - INFO - Фото с ID 5 успешно отправлено в Біржа України.
2024-05-09 11:46:49,770 - INFO - Ошибка при доступе к каналу или чату https://t.me/reklama_ResourceNET/84969: Cannot find any entity corresponding to "https://t.me/reklama_ResourceNET/84969"
2024-05-09 11:46:50,785 - INFO - Ошибка при доступе к каналу или чату https://t.me/reklama_ResourceNET/84969: Cannot find any entity corresponding to "https://t.me/reklama_ResourceNET/84969"
2024-05-09 11:46:51,846 - INFO - Ошибка при доступе к каналу или чату http://t.me/+T5ndJQaRPORmNzYy: The chat the user tried to join has expired and is not valid anymore (caused by CheckChatInviteRequest)
2024-05-09 11:46:52,849 - INFO - Ошибка при доступе к каналу или чату https://t.me/reklama_ResourceNET/84968: Cannot find any entity corresponding to "https://t.me/reklama_ResourceNET/84968"
2024-05-09 11:46:56,251 - INFO - Got difference for channel 1183205400 updates
2024-05-09 11:46:58,099 - INFO - Необходимо подождать 2821 секунд прежде чем отправить следующее сообщение в Біржа без маргіналів.
2024-05-09 11:46:58,250 - INFO - Необходимо подождать 121 секунд прежде чем отправить следующее сообщение в БІРЖА ТГ (UA).
2024-05-09 11:46:58,250 - INFO - Ошибка при доступе к каналу или чату https://t.me/ukrbazaa/93369: Cannot find any entity corresponding to "https://t.me/ukrbazaa/93369"
2024-05-09 11:46:59,252 - INFO - Ошибка при доступе к каналу или чату https://t.me/ukrbazaa/1: Cannot find any entity corresponding to "https://t.me/ukrbazaa/1"
2024-05-09 11:47:00,244 - INFO - Ошибка при доступе к каналу или чату https://t.me/ukrbazaa/58451: Cannot find any entity corresponding to "https://t.me/ukrbazaa/58451"
2024-05-09 11:47:01,249 - INFO - Ошибка при доступе к каналу или чату https://t.me/ukrbazaa/145228: Cannot find any entity corresponding to "https://t.me/ukrbazaa/145228"
2024-05-09 11:47:02,254 - INFO - Ошибка при доступе к каналу или чату https://t.me/ukrbazaa/136303: Cannot find any entity corresponding to "https://t.me/ukrbazaa/136303"
2024-05-09 11:47:03,262 - INFO - Ошибка при доступе к каналу или чату https://t.me/ukrbazaa/59680: Cannot find any entity corresponding to "https://t.me/ukrbazaa/59680"
2024-05-09 11:47:04,273 - INFO - Ошибка при доступе к каналу или чату https://t.me/ukrbazaa/90820: Cannot find any entity corresponding to "https://t.me/ukrbazaa/90820"
2024-05-09 11:47:05,275 - INFO - Ошибка при доступе к каналу или чату https://t.me/ukrbazaa/58456: Cannot find any entity corresponding to "https://t.me/ukrbazaa/58456"
2024-05-09 11:47:06,288 - INFO - Ошибка при доступе к каналу или чату https://t.me/ukrbazaa/67345: Cannot find any entity corresponding to "https://t.me/ukrbazaa/67345"
2024-05-09 11:47:07,303 - INFO - Ошибка при доступе к каналу или чату https://t.me/ukrbazaa/58455: Cannot find any entity corresponding to "https://t.me/ukrbazaa/58455"
2024-05-09 11:47:08,314 - INFO - Ошибка при доступе к каналу или чату https://t.me/ukrbazaa/58457: Cannot find any entity corresponding to "https://t.me/ukrbazaa/58457"
2024-05-09 11:47:09,649 - INFO - Фото с ID 5 успешно отправлено в AdsHub для Всіх.
2024-05-09 11:47:11,423 - INFO - Ошибка при отправке альтернативного сообщения в Служба адмінів України: A wait of 299 seconds is required before sending another message in this chat (caused by ForwardMessagesRequest)
2024-05-09 11:47:16,277 - INFO - Фото с ID 5 успешно отправлено в Продаж Реклами | Біржа UA.
2024-05-09 11:47:21,631 - INFO - Фото с ID 5 успешно отправлено в Продавайко.
2024-05-09 11:47:22,746 - INFO - Необходимо подождать 2821 секунд прежде чем отправить следующее сообщение в Чиста біржа.
2024-05-09 11:47:22,746 - INFO - Ошибка при доступе к каналу или чату https://t.me/UkrTG_ads/49787: Cannot find any entity corresponding to "https://t.me/UkrTG_ads/49787"
2024-05-09 11:47:23,754 - INFO - Ошибка при доступе к каналу или чату https://t.me/UkrTG_ads/45185: Cannot find any entity corresponding to "https://t.me/UkrTG_ads/45185"
2024-05-09 11:47:24,765 - INFO - Ошибка при доступе к каналу или чату https://t.me/UkrTG_ads/45199: Cannot find any entity corresponding to "https://t.me/UkrTG_ads/45199"
2024-05-09 11:47:25,772 - INFO - Ошибка при доступе к каналу или чату https://t.me/UkrTG_ads/60595: Cannot find any entity corresponding to "https://t.me/UkrTG_ads/60595"
2024-05-09 11:47:27,177 - INFO - Фото с ID 5 успешно отправлено в Українська біржа реклами.
2024-05-09 11:47:28,485 - INFO - Фото с ID 5 успешно отправлено в ЛУК — Лучшие украинские каналы.
2024-05-09 11:47:29,828 - INFO - Фото с ID 5 успешно отправлено в Українська Біржа | Продаж Реклами UA.
2024-05-09 11:47:31,027 - INFO - Ошибка при доступе к каналу или чату https://t.me/UkrTG_ads: RPCError 400: TOPIC_CLOSED (caused by ForwardMessagesRequest)
2024-05-09 11:49:27,816 - INFO - Disconnecting from 149.154.167.51:443/TcpFull...
2024-05-09 11:49:27,816 - INFO - Disconnection from 149.154.167.51:443/TcpFull complete!
